2022-05-30T10:54:15.837034+0800 INFO 这是一条info日志
2022-05-30T10:54:15.837034+0800 WARNING 这是一条warning日志
2022-05-30T10:54:15.837034+0800 SUCCESS 这是一条success日志
2022-05-30T10:54:15.837034+0800 ERROR 这是一条error日志
2022-05-30T10:59:06.716870+0800 INFO 这是一条info日志
2022-05-30T10:59:06.716870+0800 WARNING 这是一条warning日志
2022-05-30T10:59:06.716870+0800 SUCCESS 这是一条success日志
2022-05-30T10:59:06.717866+0800 ERROR 这是一条error日志
2022-05-30T10:59:06.717866+0800 INFO 张三在学习
2022-05-30 23:16:14.416 | DEBUG    | __main__:<module>:41 - 这是一条Debug日志
2022-05-30 23:16:14.416 | INFO     | __main__:<module>:42 - 这是一条info日志
2022-05-30 23:16:14.416 | WARNING  | __main__:<module>:43 - 这是一条warning日志
2022-05-30 23:16:14.416 | SUCCESS  | __main__:<module>:44 - 这是一条success日志
2022-05-30 23:16:14.417 | ERROR    | __main__:<module>:45 - 这是一条error日志
2022-05-30 23:16:14.417 | INFO     | __main__:<module>:48 - 张三在学习
2022-05-30 23:16:55.280 | DEBUG    | __main__:<module>:41 - 这是一条Debug日志
2022-05-30T23:16:55.281764+0800 INFO 这是一条info日志
2022-05-30 23:16:55.281 | INFO     | __main__:<module>:42 - 这是一条info日志
2022-05-30T23:16:55.281764+0800 WARNING 这是一条warning日志
2022-05-30 23:16:55.281 | WARNING  | __main__:<module>:43 - 这是一条warning日志
2022-05-30T23:16:55.281764+0800 SUCCESS 这是一条success日志
2022-05-30 23:16:55.281 | SUCCESS  | __main__:<module>:44 - 这是一条success日志
2022-05-30T23:16:55.281764+0800 ERROR 这是一条error日志
2022-05-30 23:16:55.281 | ERROR    | __main__:<module>:45 - 这是一条error日志
2022-05-30T23:16:55.282763+0800 INFO 张三在学习
2022-05-30 23:16:55.282 | INFO     | __main__:<module>:48 - 张三在学习
